<?xml version="1.0" encoding="UTF-8"?>
<!-- Generated by org.testng.reporters.JUnitReportReporter -->
<testsuite skipped="0" hostname="DESKTOP-BD2581E" name="StepsDefinition.TestRunner" tests="3" failures="0" timestamp="27 Oct 2020 07:03:12 GMT" time="3.247" errors="0">
  <testcase name="api_foreign_exchange" time="0.746" classname="StepsDefinition.TestRunner"/>
  <testcase name="posted_with_correct_Information" time="2.489" classname="StepsDefinition.TestRunner"/>
  <testcase name="validate_response_status_code_received" time="0.012" classname="StepsDefinition.TestRunner"/>
</testsuite> <!-- StepsDefinition.TestRunner -->
